INFO: [VRFC 10-2263] Analyzing SystemVerilog file "C:/Users/furka/Projects/ELE432_ethernet/tb/common/fw_tb_pkg.sv" into library work
INFO: [VRFC 10-2263] Analyzing SystemVerilog file "C:/Users/furka/Projects/ELE432_ethernet/rtl/debug/debug_counters.v" into library work
INFO: [VRFC 10-311] analyzing module debug_counters
INFO: [VRFC 10-2263] Analyzing SystemVerilog file "C:/Users/furka/Projects/ELE432_ethernet/rtl/spi/spi_master.v" into library work
INFO: [VRFC 10-311] analyzing module spi_master
INFO: [VRFC 10-2263] Analyzing SystemVerilog file "C:/Users/furka/Projects/ELE432_ethernet/rtl/buffer/packet_buffer.v" into library work
INFO: [VRFC 10-311] analyzing module packet_buffer
INFO: [VRFC 10-2263] Analyzing SystemVerilog file "C:/Users/furka/Projects/ELE432_ethernet/rtl/parser/eth_ipv4_parser.v" into library work
INFO: [VRFC 10-311] analyzing module eth_ipv4_parser
INFO: [VRFC 10-2263] Analyzing SystemVerilog file "C:/Users/furka/Projects/ELE432_ethernet/rtl/rules/rule_engine.v" into library work
INFO: [VRFC 10-311] analyzing module rule_engine
INFO: [VRFC 10-2263] Analyzing SystemVerilog file "C:/Users/furka/Projects/ELE432_ethernet/rtl/firewall/firewall_core.v" into library work
INFO: [VRFC 10-311] analyzing module firewall_core
INFO: [VRFC 10-2263] Analyzing SystemVerilog file "C:/Users/furka/Projects/ELE432_ethernet/rtl/eth_if/ethernet_controller_adapter.v" into library work
INFO: [VRFC 10-311] analyzing module ethernet_controller_adapter
INFO: [VRFC 10-2263] Analyzing SystemVerilog file "C:/Users/furka/Projects/ELE432_ethernet/rtl/top/firewall_top.v" into library work
INFO: [VRFC 10-311] analyzing module firewall_top
INFO: [VRFC 10-2263] Analyzing SystemVerilog file "C:/Users/furka/Projects/ELE432_ethernet/tb/models/fake_eth_source.v" into library work
INFO: [VRFC 10-311] analyzing module fake_eth_source
INFO: [VRFC 10-2263] Analyzing SystemVerilog file "C:/Users/furka/Projects/ELE432_ethernet/tb/tests/parser_tb.sv" into library work
INFO: [VRFC 10-311] analyzing module parser_tb
